SF:lib/services/cache.dart
DA:4,9
DA:10,0
DA:11,0
DA:13,0
DA:15,0
DA:17,0
DA:20,0
DA:23,0
DA:24,0
DA:26,0
DA:27,0
DA:28,0
DA:29,0
DA:30,0
DA:31,0
DA:32,0
DA:33,0
DA:34,0
DA:35,0
DA:37,0
DA:41,0
DA:42,0
DA:44,0
DA:45,0
DA:46,0
DA:47,0
DA:48,0
DA:49,0
DA:50,0
DA:51,0
DA:52,0
DA:53,0
DA:55,0
DA:59,1
DA:60,3
DA:61,4
DA:65,1
DA:67,4
DA:70,1
DA:71,4
DA:74,0
DA:75,0
DA:79,83
LF:43
LH:9
end_of_record
SF:lib/services/database.dart
DA:14,2
DA:17,3
DA:23,0
DA:28,0
DA:30,0
DA:33,0
DA:38,0
DA:41,0
DA:49,0
DA:50,0
DA:52,0
DA:57,0
DA:63,0
DA:64,0
DA:66,0
DA:67,0
DA:70,0
DA:71,0
DA:72,0
DA:75,0
DA:78,0
DA:79,0
DA:82,0
DA:94,0
DA:95,0
DA:108,0
DA:115,0
DA:116,0
DA:117,0
DA:119,0
DA:122,0
DA:128,0
DA:129,0
DA:131,0
DA:132,0
DA:136,1
DA:137,4
DA:139,2
DA:140,4
DA:143,83
LF:40
LH:7
end_of_record
SF:lib/providers/currency_provider.dart
DA:7,7
DA:27,1
DA:31,2
DA:44,1
DA:45,1
DA:48,3
DA:50,4
DA:51,4
DA:53,5
DA:54,2
DA:55,5
DA:61,1
DA:62,2
DA:63,1
DA:64,1
DA:68,1
DA:69,3
DA:72,1
DA:73,1
DA:74,3
DA:76,3
DA:77,1
DA:81,1
DA:84,1
DA:86,2
DA:89,1
DA:90,2
DA:91,2
DA:92,2
DA:95,3
DA:97,1
DA:99,3
DA:105,3
LF:33
LH:33
end_of_record
SF:lib/providers/language_provider.dart
DA:8,1
DA:36,2
DA:40,2
DA:42,4
DA:44,2
DA:45,4
DA:46,2
DA:48,2
DA:51,2
DA:56,4
DA:58,2
DA:60,2
DA:61,2
DA:70,4
DA:71,6
DA:72,5
DA:73,5
DA:83,1
DA:84,1
DA:85,1
DA:86,3
DA:88,2
DA:89,1
DA:90,1
DA:94,2
DA:95,1
DA:97,1
DA:99,5
DA:102,1
DA:103,1
DA:110,83
DA:112,1
DA:118,1
DA:119,3
DA:120,2
DA:121,1
DA:125,1
LF:37
LH:37
end_of_record
SF:lib/providers/theme_provider.dart
DA:7,0
DA:8,0
DA:12,0
DA:14,2
DA:16,1
DA:18,2
DA:19,3
DA:22,1
DA:23,2
DA:24,4
DA:26,2
DA:27,1
DA:28,1
LF:13
LH:10
end_of_record
SF:lib/models/repository/cart.dart
DA:15,8
DA:23,6
DA:26,2
DA:27,2
DA:28,2
DA:30,6
DA:31,10
DA:34,2
DA:35,8
DA:37,3
DA:38,15
DA:41,3
DA:42,15
DA:45,3
DA:46,3
DA:48,6
DA:49,3
DA:54,1
DA:55,2
DA:56,1
DA:59,0
DA:61,0
DA:62,0
DA:65,1
DA:66,3
DA:69,3
DA:70,2
DA:77,1
DA:78,1
DA:80,2
DA:81,4
DA:83,2
DA:85,4
DA:93,1
DA:94,1
DA:95,1
DA:98,1
DA:99,2
DA:100,0
DA:104,1
DA:106,1
DA:109,1
DA:110,3
DA:111,1
DA:113,3
DA:114,3
DA:115,3
DA:116,5
DA:118,1
DA:120,1
DA:122,3
DA:123,3
DA:124,3
DA:125,4
DA:127,1
DA:131,1
DA:132,3
DA:135,3
DA:136,2
DA:138,1
DA:143,1
DA:144,4
DA:146,1
DA:147,1
DA:150,1
DA:151,4
DA:152,1
DA:157,1
DA:158,1
DA:161,3
DA:162,1
DA:164,1
DA:165,3
DA:166,3
DA:168,1
DA:173,3
DA:175,6
DA:176,1
DA:178,12
DA:179,3
DA:182,1
DA:183,1
DA:184,1
DA:186,1
DA:187,1
DA:188,1
DA:189,2
DA:193,1
DA:194,1
DA:195,1
DA:198,1
DA:201,4
DA:202,1
DA:205,1
DA:208,3
DA:209,4
DA:210,4
DA:212,1
DA:215,1
DA:216,4
DA:217,1
DA:220,1
DA:223,4
DA:224,1
LF:104
LH:100
end_of_record
SF:lib/models/repository/cashier.dart
DA:15,9
DA:29,12
DA:31,6
DA:33,12
DA:35,6
DA:37,3
DA:40,9
DA:43,6
DA:45,0
DA:46,0
DA:48,0
DA:51,1
DA:52,3
DA:53,3
DA:57,3
DA:58,4
DA:59,5
DA:66,6
DA:68,1
DA:70,2
DA:72,2
DA:74,2
DA:75,2
DA:101,1
DA:102,1
DA:103,3
DA:107,1
DA:109,1
DA:110,1
DA:111,3
DA:113,1
DA:115,2
DA:119,4
DA:120,2
DA:123,1
DA:124,1
DA:126,2
DA:131,1
DA:132,3
DA:134,1
DA:136,2
DA:147,4
DA:149,4
DA:150,4
DA:155,1
DA:156,5
DA:160,8
DA:162,1
DA:163,1
DA:164,1
DA:165,3
DA:167,1
DA:171,1
DA:172,1
DA:173,4
DA:175,3
DA:176,3
DA:178,1
DA:179,3
DA:183,3
DA:186,1
DA:188,3
DA:189,3
DA:190,6
DA:191,3
DA:192,6
DA:195,1
DA:196,0
DA:198,1
DA:199,1
DA:200,2
DA:201,2
DA:205,2
DA:212,2
DA:213,2
DA:216,1
DA:217,1
DA:218,2
DA:219,1
DA:220,3
DA:223,2
DA:226,2
DA:227,2
DA:228,4
DA:229,2
DA:230,4
DA:233,0
DA:238,1
DA:240,1
DA:241,1
DA:242,2
DA:243,2
DA:244,1
DA:247,0
DA:251,1
DA:252,4
DA:253,2
DA:254,6
DA:257,2
DA:263,2
DA:265,4
DA:266,8
DA:267,8
DA:268,6
DA:270,2
DA:274,4
DA:279,1
DA:280,4
DA:283,1
DA:288,2
DA:289,3
DA:290,2
DA:291,3
DA:292,4
DA:294,3
DA:295,1
DA:297,1
DA:301,1
DA:302,4
DA:303,5
DA:304,1
DA:305,1
DA:309,2
DA:310,8
DA:311,14
DA:314,2
DA:317,1
DA:318,3
DA:319,7
DA:323,1
DA:324,3
DA:325,7
LF:132
LH:126
end_of_record
SF:lib/models/repository/menu.dart
DA:17,6
DA:19,1
DA:20,1
DA:25,0
DA:28,1
DA:31,1
DA:33,1
DA:34,2
DA:35,1
DA:36,1
DA:41,1
DA:42,1
DA:44,3
DA:45,3
DA:46,1
DA:48,1
DA:56,1
DA:57,2
DA:58,1
DA:66,1
DA:67,1
DA:69,3
DA:70,3
DA:71,3
DA:72,1
DA:74,1
DA:83,1
DA:84,1
DA:86,4
DA:89,1
DA:90,1
DA:92,4
DA:100,1
DA:101,1
DA:102,1
DA:103,1
DA:104,1
DA:122,1
DA:123,4
DA:126,4
DA:129,1
DA:130,4
DA:134,1
DA:135,1
DA:136,4
DA:137,1
DA:138,5
DA:140,3
DA:143,1
DA:144,2
DA:146,4
DA:148,2
DA:149,3
DA:151,1
DA:153,2
LF:55
LH:54
end_of_record
SF:lib/models/repository.dart
DA:11,4
DA:12,20
DA:13,8
DA:14,4
DA:16,8
DA:18,8
DA:20,4
DA:24,4
DA:25,4
DA:26,0
DA:32,1
DA:33,1
DA:38,6
DA:40,26
DA:44,1
DA:45,9
DA:47,1
DA:48,1
DA:51,2
DA:52,2
DA:53,5
DA:56,4
DA:58,1
DA:65,21
DA:67,15
DA:71,9
DA:73,75
DA:75,9
DA:79,28
DA:81,1
DA:82,2
DA:83,1
DA:84,1
DA:85,2
DA:89,24
DA:91,12
DA:93,6
DA:99,3
DA:100,6
DA:102,3
DA:105,84
DA:108,4
DA:109,8
DA:110,16
DA:112,4
DA:114,8
DA:117,4
DA:122,1
DA:123,1
DA:124,1
DA:127,1
DA:128,5
DA:129,4
DA:130,1
DA:131,2
DA:133,3
DA:134,3
DA:137,3
DA:138,6
LF:59
LH:58
end_of_record
SF:lib/models/repository/seller.dart
DA:6,4
DA:8,1
DA:9,3
DA:11,1
DA:15,1
DA:17,4
DA:22,1
DA:27,3
DA:29,1
DA:31,1
DA:32,1
DA:33,1
DA:34,1
DA:38,1
DA:39,1
DA:40,4
DA:44,1
DA:48,2
DA:49,1
DA:51,3
DA:52,1
DA:54,1
DA:56,3
DA:58,1
DA:59,1
DA:60,1
DA:64,1
DA:69,3
DA:72,1
DA:73,1
DA:74,1
DA:81,2
DA:84,1
DA:85,3
DA:90,1
DA:91,3
DA:92,1
DA:94,2
DA:97,1
DA:100,1
DA:101,3
DA:104,1
DA:105,1
DA:107,3
DA:108,1
DA:109,1
DA:113,1
DA:114,2
DA:116,1
DA:117,1
LF:50
LH:50
end_of_record
SF:lib/models/repository/quantities.dart
DA:13,6
DA:15,1
DA:16,1
DA:21,1
DA:24,1
DA:27,1
DA:29,1
DA:30,2
DA:31,1
DA:32,1
LF:10
LH:10
end_of_record
SF:lib/models/repository/replenisher.dart
DA:12,2
DA:14,1
DA:15,1
DA:20,0
DA:23,1
DA:26,1
DA:28,1
DA:29,2
DA:30,1
DA:31,1
LF:10
LH:9
end_of_record
SF:lib/models/repository/stock.dart
DA:16,10
DA:18,1
DA:19,1
DA:24,0
DA:27,1
DA:30,1
DA:31,1
DA:34,3
DA:36,1
DA:37,3
DA:38,1
DA:42,1
DA:45,1
DA:46,1
DA:48,2
DA:49,1
DA:50,1
DA:52,2
DA:57,2
DA:59,1
DA:61,2
DA:64,1
DA:66,1
DA:67,2
DA:68,1
DA:69,1
DA:75,1
DA:76,1
DA:78,3
DA:79,3
DA:80,4
DA:85,3
DA:86,3
DA:87,4
DA:91,1
LF:35
LH:34
end_of_record
SF:lib/models/menu/catalog.dart
DA:23,13
DA:29,12
DA:30,13
DA:31,13
DA:32,22
DA:35,4
DA:36,2
DA:37,2
DA:38,2
DA:39,2
DA:40,2
DA:41,2
DA:42,6
DA:44,2
DA:46,2
DA:49,6
DA:51,1
DA:54,2
DA:57,1
DA:59,4
DA:60,3
DA:79,1
DA:81,1
DA:82,2
DA:85,1
DA:86,3
DA:88,1
DA:89,1
DA:90,1
DA:91,1
DA:92,1
DA:93,1
DA:94,2
DA:97,8
DA:98,8
DA:100,10
LF:36
LH:36
end_of_record
SF:lib/models/model.dart
DA:13,18
DA:16,9
DA:17,36
DA:18,54
DA:20,9
DA:35,40
DA:36,62
DA:40,10
DA:41,10
DA:43,15
DA:45,40
DA:46,10
DA:48,30
DA:58,2
DA:59,4
DA:60,2
DA:62,6
DA:63,2
DA:65,2
DA:68,2
LF:20
LH:20
end_of_record
SF:lib/models/menu/product.dart
DA:36,16
DA:46,15
DA:47,16
DA:48,28
DA:50,16
DA:52,6
DA:55,6
DA:56,3
DA:57,3
DA:58,3
DA:59,3
DA:60,3
DA:61,3
DA:62,3
DA:63,3
DA:64,3
DA:65,3
DA:67,3
DA:69,2
DA:73,3
DA:74,10
DA:76,1
DA:79,3
DA:80,12
DA:82,2
DA:85,1
DA:87,4
DA:88,3
DA:92,1
DA:94,2
DA:95,2
DA:96,2
DA:97,1
DA:103,2
DA:106,4
DA:108,2
DA:111,1
DA:112,3
DA:114,1
DA:115,3
DA:118,2
DA:119,2
DA:120,2
DA:121,2
DA:122,2
DA:123,2
DA:124,2
DA:125,2
DA:126,4
DA:129,6
DA:130,18
DA:132,11
LF:52
LH:52
end_of_record
SF:lib/models/menu/product_ingredient.dart
DA:27,9
DA:34,15
DA:36,3
DA:39,16
DA:40,8
DA:42,4
DA:45,2
DA:46,2
DA:47,2
DA:48,2
DA:49,2
DA:50,2
DA:51,3
DA:53,2
DA:55,2
DA:58,1
DA:61,7
DA:62,14
DA:64,3
DA:65,12
DA:67,2
DA:70,1
DA:72,4
DA:73,3
DA:78,2
DA:79,4
DA:81,6
DA:83,6
DA:86,1
DA:88,2
DA:91,2
DA:92,6
DA:94,3
DA:95,3
DA:96,6
DA:99,2
DA:100,2
DA:101,2
DA:102,2
DA:103,4
DA:106,4
DA:107,12
DA:110,2
DA:111,2
DA:113,4
DA:115,2
DA:117,4
DA:118,3
DA:120,3
DA:123,2
DA:124,5
DA:125,1
LF:52
LH:52
end_of_record
SF:lib/models/menu/product_quantity.dart
DA:27,10
DA:35,3
DA:38,14
DA:39,7
DA:41,5
DA:44,2
DA:45,2
DA:46,2
DA:47,2
DA:48,2
DA:49,2
DA:52,2
DA:55,6
DA:56,12
DA:58,2
DA:59,8
DA:61,2
DA:64,2
DA:65,4
DA:67,6
DA:69,6
DA:72,2
DA:73,6
DA:75,3
DA:76,3
DA:77,6
DA:80,1
DA:81,1
DA:82,1
DA:83,1
DA:84,1
DA:85,1
DA:88,3
DA:89,9
DA:92,2
DA:93,2
DA:95,4
DA:97,2
DA:99,4
DA:100,3
DA:102,3
LF:41
LH:41
end_of_record
SF:lib/models/objects/cashier_object.dart
DA:6,4
DA:8,3
DA:9,3
DA:10,3
DA:11,3
DA:12,3
DA:13,6
DA:14,3
DA:18,1
DA:19,1
DA:20,2
DA:21,3
DA:25,0
DA:27,0
DA:28,0
DA:37,4
DA:39,3
DA:40,3
DA:41,3
DA:42,3
DA:46,3
DA:48,1
DA:49,4
DA:52,1
DA:53,1
DA:54,1
DA:55,1
DA:65,3
DA:67,3
DA:68,3
DA:69,3
DA:71,3
DA:73,6
DA:77,8
DA:79,2
DA:80,6
DA:89,3
DA:91,6
DA:93,6
DA:95,2
DA:97,4
LF:41
LH:38
end_of_record
SF:lib/models/objects/order_object.dart
DA:19,4
DA:28,4
DA:30,1
DA:31,3
DA:32,3
DA:34,1
DA:35,3
DA:36,1
DA:38,2
DA:40,1
DA:41,1
DA:43,2
DA:48,1
DA:50,1
DA:51,1
DA:54,1
DA:57,1
DA:58,1
DA:60,2
DA:61,4
DA:62,3
DA:66,1
DA:67,1
DA:68,1
DA:69,1
DA:70,2
DA:71,1
DA:72,4
DA:74,1
DA:75,1
DA:76,5
DA:81,2
DA:82,2
DA:83,2
DA:84,2
DA:86,2
DA:88,2
DA:90,2
DA:92,2
DA:93,2
DA:94,2
DA:95,4
DA:96,4
DA:97,4
DA:111,2
DA:121,1
DA:122,1
DA:123,1
DA:124,1
DA:125,1
DA:126,1
DA:127,1
DA:128,1
DA:129,2
DA:130,1
DA:131,2
DA:133,1
DA:137,0
DA:138,0
DA:140,1
DA:142,1
DA:144,1
DA:145,1
DA:146,1
DA:147,1
DA:148,1
DA:149,1
DA:150,1
DA:151,1
DA:152,1
DA:153,3
DA:168,2
DA:178,1
DA:185,1
DA:186,1
DA:188,1
DA:190,1
DA:191,1
DA:194,2
DA:195,2
DA:196,2
DA:197,2
DA:198,2
DA:199,2
DA:200,2
DA:201,2
DA:202,2
DA:206,1
DA:207,1
DA:208,1
DA:209,1
DA:210,1
DA:211,1
DA:212,1
DA:213,1
DA:214,1
LF:96
LH:94
end_of_record
SF:lib/models/order/order_ingredient.dart
DA:5,4
DA:13,3
DA:14,3
DA:15,3
DA:17,3
DA:19,2
DA:20,10
LF:7
LH:7
end_of_record
SF:lib/models/order/order_product.dart
DA:5,83
DA:11,21
DA:12,7
DA:13,7
DA:22,8
DA:28,7
DA:29,7
DA:31,5
DA:33,20
DA:35,1
DA:37,2
DA:38,3
DA:40,3
DA:41,2
DA:44,0
DA:47,3
DA:48,2
DA:51,3
DA:53,0
DA:55,0
DA:61,4
DA:63,1
DA:64,3
DA:65,2
DA:66,3
DA:73,2
DA:74,4
DA:75,2
DA:80,3
DA:81,1
DA:82,6
DA:85,3
DA:86,3
DA:92,1
DA:94,1
DA:95,2
DA:96,3
DA:97,1
DA:98,1
DA:99,1
DA:103,2
DA:105,3
DA:106,2
DA:108,3
DA:109,1
DA:110,1
DA:111,1
DA:112,2
DA:113,2
DA:117,1
DA:118,1
DA:119,1
DA:120,2
DA:121,2
DA:123,2
DA:129,4
DA:133,12
DA:136,4
DA:137,14
DA:140,4
DA:144,12
LF:61
LH:58
end_of_record
SF:lib/models/stock/ingredient.dart
DA:26,15
DA:35,15
DA:36,15
DA:39,4
DA:40,2
DA:41,2
DA:42,2
DA:43,2
DA:44,2
DA:45,2
DA:46,2
DA:47,2
DA:50,2
DA:53,2
DA:56,2
DA:57,8
DA:59,1
DA:61,3
DA:64,1
DA:65,1
DA:66,1
DA:67,1
DA:68,1
DA:69,1
DA:70,1
DA:71,1
DA:72,1
DA:73,1
DA:76,3
DA:77,3
DA:79,1
DA:80,1
DA:81,1
DA:83,2
DA:84,2
DA:86,1
DA:87,3
DA:90,1
LF:38
LH:38
end_of_record
SF:lib/models/stock/quantity.dart
DA:10,13
DA:14,13
DA:15,13
DA:18,4
DA:19,2
DA:20,2
DA:21,2
DA:24,2
DA:27,2
DA:30,1
DA:32,3
DA:35,1
DA:36,1
DA:37,1
DA:38,1
DA:39,1
DA:42,3
DA:43,3
LF:18
LH:18
end_of_record
SF:lib/models/stock/replenishment.dart
DA:11,4
DA:15,1
DA:16,4
DA:17,4
DA:20,4
DA:21,2
DA:22,2
DA:23,2
DA:26,2
DA:29,2
DA:32,0
DA:34,6
DA:36,1
DA:38,3
DA:41,1
DA:42,1
DA:43,1
DA:44,1
DA:45,1
DA:48,2
DA:49,2
LF:21
LH:20
end_of_record
SF:lib/services/storage.dart
DA:6,83
DA:15,21
DA:21,0
DA:22,0
DA:24,0
DA:27,0
DA:29,0
DA:32,0
DA:33,0
DA:35,0
DA:41,0
DA:42,0
DA:44,0
DA:46,0
DA:47,0
DA:52,0
DA:54,0
DA:58,0
DA:59,0
DA:60,0
DA:62,0
DA:63,0
DA:64,0
DA:65,0
DA:66,0
DA:71,0
DA:76,0
DA:79,1
DA:80,1
DA:81,1
DA:82,3
DA:90,1
DA:92,1
DA:93,0
DA:98,6
DA:103,3
DA:104,4
DA:109,4
DA:111,2
DA:112,0
DA:117,10
DA:124,0
DA:125,0
DA:126,0
DA:127,0
DA:129,0
DA:130,0
DA:131,0
DA:133,0
DA:134,0
DA:139,0
DA:149,1
DA:150,1
DA:153,5
DA:154,0
DA:155,0
DA:157,2
DA:158,5
LF:58
LH:19
end_of_record
SF:lib/my_app.dart
DA:21,18
DA:23,12
DA:31,2
DA:34,1
DA:36,1
DA:37,1
DA:38,1
DA:41,1
DA:42,1
DA:43,1
DA:47,1
DA:49,1
DA:51,1
DA:52,2
DA:53,1
DA:56,2
DA:59,1
DA:61,1
DA:62,1
DA:63,1
DA:65,1
DA:66,1
DA:67,1
DA:68,1
DA:69,0
DA:73,2
DA:74,1
DA:80,1
DA:85,1
DA:86,0
DA:87,0
DA:90,3
DA:91,3
DA:92,3
DA:97,2
LF:35
LH:32
end_of_record
SF:lib/components/bottom_sheet_actions.dart
DA:6,9
DA:12,1
DA:14,8
DA:16,8
DA:18,8
DA:19,8
DA:20,8
DA:25,16
DA:32,18
DA:34,9
DA:36,9
DA:37,9
DA:39,18
DA:40,9
DA:41,27
DA:42,9
DA:48,9
DA:49,9
DA:50,18
DA:51,9
DA:52,3
DA:56,9
DA:57,9
DA:59,27
DA:71,10
DA:77,9
DA:78,9
DA:80,9
DA:81,9
DA:82,21
LF:30
LH:30
end_of_record
SF:lib/translator.dart
DA:7,147
DA:13,49
DA:15,1
DA:16,1
DA:17,3
DA:18,1
DA:19,2
DA:22,48
DA:23,96
DA:24,96
DA:25,117
DA:29,2
DA:31,2
DA:32,3
DA:39,48
DA:40,139
LF:16
LH:16
end_of_record
SF:lib/components/dialog/confirm_dialog.dart
DA:5,4
DA:9,4
DA:14,4
DA:16,4
DA:17,8
DA:18,8
DA:19,4
DA:20,4
DA:21,0
DA:22,8
DA:24,4
DA:25,9
DA:26,8
LF:13
LH:12
end_of_record
SF:lib/components/dialog/delete_dialog.dart
DA:7,8
DA:9,4
DA:11,4
DA:13,4
DA:14,8
DA:15,8
DA:16,4
DA:17,4
DA:18,0
DA:19,8
DA:21,4
DA:22,3
DA:23,4
DA:24,4
DA:27,8
LF:15
LH:14
end_of_record
SF:lib/components/dialog/single_text_dialog.dart
DA:5,4
DA:12,4
DA:20,4
DA:21,4
DA:28,4
DA:30,4
DA:31,8
DA:32,4
DA:33,4
DA:34,4
DA:35,4
DA:36,4
DA:38,4
DA:39,4
DA:40,8
DA:41,8
DA:42,8
DA:47,4
DA:48,4
DA:49,0
DA:50,8
DA:52,4
DA:53,16
DA:54,8
DA:60,4
DA:61,12
DA:62,12
DA:66,4
DA:68,4
DA:69,16
LF:30
LH:29
end_of_record
SF:lib/components/meta_block.dart
DA:5,7
DA:7,7
DA:13,6
DA:17,8
DA:24,8
DA:26,15
DA:27,5
DA:28,5
DA:30,5
DA:32,5
DA:34,5
DA:36,5
DA:39,15
DA:43,4
DA:44,4
DA:46,12
LF:16
LH:16
end_of_record
SF:lib/components/style/custom_styles.dart
DA:4,18
LF:1
LH:1
end_of_record
SF:lib/components/mixin/item_modal.dart
DA:17,7
DA:19,7
DA:21,10
DA:22,10
DA:23,30
DA:24,10
DA:25,10
DA:27,10
DA:28,10
DA:30,20
DA:35,11
DA:37,11
DA:38,11
DA:39,11
DA:40,0
DA:41,11
DA:43,11
DA:44,11
DA:45,11
DA:46,11
DA:47,16
DA:48,22
DA:50,11
DA:53,11
DA:57,11
DA:58,11
DA:59,11
DA:60,11
DA:67,0
DA:70,8
DA:71,8
DA:73,8
DA:80,8
DA:81,32
DA:83,8
DA:85,3
DA:89,16
DA:90,8
DA:91,8
LF:39
LH:37
end_of_record
SF:lib/components/style/appbar_text_button.dart
DA:8,14
DA:12,14
DA:14,14
DA:16,28
DA:18,14
DA:19,28
DA:20,0
DA:21,14
DA:24,14
DA:26,14
DA:27,14
LF:11
LH:10
end_of_record
SF:lib/components/radio_text.dart
DA:5,12
DA:15,4
DA:22,4
DA:24,12
DA:25,24
DA:26,10
DA:28,6
DA:29,10
DA:30,2
DA:34,16
DA:36,16
DA:38,4
DA:39,4
DA:41,4
DA:42,12
DA:44,8
DA:45,12
DA:49,4
DA:50,12
DA:51,8
DA:54,3
DA:56,0
DA:57,0
DA:60,3
DA:62,2
DA:67,2
DA:69,2
DA:80,4
DA:82,12
DA:84,4
DA:85,8
DA:88,12
DA:90,12
DA:92,4
DA:93,4
DA:94,20
DA:97,1
DA:98,1
DA:103,4
DA:105,8
DA:106,8
DA:107,4
DA:109,4
DA:111,4
DA:112,4
DA:114,4
DA:115,4
DA:117,4
DA:119,8
DA:123,4
DA:124,12
DA:126,4
DA:128,12
DA:134,4
DA:136,24
DA:137,4
DA:138,8
DA:141,4
DA:144,4
DA:146,8
DA:147,4
LF:61
LH:59
end_of_record
SF:lib/components/scaffold/fade_in_title_scaffold.dart
DA:10,3
DA:17,3
DA:19,3
DA:20,3
DA:26,3
DA:28,3
DA:29,3
DA:30,6
DA:31,12
DA:32,3
DA:33,3
DA:34,3
DA:35,9
DA:38,6
DA:39,3
DA:40,3
DA:41,3
DA:42,3
DA:43,6
DA:50,1
DA:51,3
DA:52,3
DA:53,2
DA:54,4
DA:56,3
LF:25
LH:25
end_of_record
SF:lib/components/scaffold/item_list_scaffold.dart
DA:12,0
DA:17,0
DA:19,0
DA:21,0
DA:22,0
DA:23,0
DA:24,0
DA:25,0
DA:26,0
DA:29,0
DA:30,0
DA:31,0
DA:32,0
DA:33,0
DA:34,0
DA:35,0
DA:36,0
DA:41,0
LF:18
LH:0
end_of_record
SF:lib/components/style/card_tile.dart
DA:9,5
DA:15,5
DA:17,5
DA:19,5
DA:20,5
DA:22,5
DA:23,5
DA:24,5
DA:25,5
DA:26,5
LF:10
LH:10
end_of_record
SF:lib/components/scaffold/reorderable_scaffold.dart
DA:16,1
DA:21,1
DA:23,1
DA:25,1
DA:26,1
DA:27,1
DA:28,0
DA:29,1
DA:31,1
DA:32,1
DA:33,1
DA:34,4
DA:35,2
DA:37,2
DA:39,1
DA:41,1
DA:44,1
DA:45,1
DA:47,1
DA:48,4
DA:49,3
DA:52,1
DA:53,2
DA:64,1
DA:67,1
DA:69,1
DA:70,1
DA:74,1
DA:76,1
DA:77,3
DA:78,1
DA:79,1
DA:80,3
DA:82,1
DA:83,2
DA:85,1
DA:91,1
DA:92,2
DA:93,1
DA:94,1
DA:96,3
DA:97,3
DA:109,2
DA:111,1
DA:113,1
DA:116,1
DA:120,1
DA:121,1
DA:123,1
DA:124,1
DA:125,1
DA:126,1
DA:127,1
DA:129,2
DA:133,1
DA:134,1
DA:135,1
DA:137,2
LF:58
LH:57
end_of_record
SF:lib/components/scaffold/search_scaffold.dart
DA:20,4
DA:32,4
DA:34,4
DA:35,4
DA:45,6
DA:47,12
DA:49,4
DA:51,8
DA:53,4
DA:54,4
DA:55,4
DA:56,0
DA:57,4
DA:59,4
DA:60,4
DA:61,4
DA:62,8
DA:63,8
DA:64,4
DA:66,4
DA:68,8
DA:69,8
DA:70,8
DA:71,8
DA:72,8
DA:73,8
DA:74,8
DA:75,0
DA:76,4
DA:79,9
DA:83,4
DA:85,4
DA:86,12
DA:87,0
DA:91,4
DA:93,20
DA:94,12
DA:95,4
DA:96,4
DA:97,2
DA:99,2
DA:100,6
DA:101,6
DA:104,6
DA:107,12
DA:111,4
DA:112,16
DA:114,8
DA:115,8
DA:116,4
DA:120,4
DA:121,4
DA:122,2
DA:123,8
DA:125,4
LF:55
LH:52
end_of_record
SF:lib/components/search_bar.dart
DA:16,5
DA:26,5
DA:28,5
DA:29,5
DA:37,12
DA:39,0
DA:40,0
DA:41,0
DA:44,5
DA:46,10
DA:48,4
DA:49,12
DA:51,5
DA:53,5
DA:54,1
DA:55,2
DA:56,1
DA:58,5
DA:61,5
DA:62,5
DA:63,10
DA:65,5
DA:66,10
DA:68,5
DA:69,10
DA:70,5
DA:74,10
DA:81,5
DA:83,5
DA:84,20
DA:85,20
DA:88,5
DA:90,5
DA:91,20
DA:92,20
DA:95,5
DA:97,10
DA:98,5
DA:101,5
DA:102,5
DA:103,5
DA:104,3
DA:105,5
DA:106,15
DA:108,15
LF:45
LH:42
end_of_record
SF:lib/components/style/circular_loading.dart
DA:4,10
DA:8,5
DA:10,5
DA:11,5
DA:12,5
DA:13,5
DA:14,5
DA:15,5
LF:8
LH:8
end_of_record
SF:lib/components/slidable_item_list.dart
DA:19,11
DA:27,11
DA:29,11
DA:30,11
DA:36,11
DA:38,11
DA:41,11
DA:42,11
DA:43,22
DA:44,11
DA:47,11
DA:53,2
DA:54,4
DA:55,2
DA:56,1
DA:57,2
DA:58,3
DA:62,1
DA:67,10
DA:69,6
DA:73,5
DA:74,10
DA:75,3
DA:82,11
DA:83,11
DA:84,11
DA:86,11
DA:87,11
DA:88,11
DA:89,11
DA:90,11
DA:91,11
DA:92,11
DA:94,2
DA:97,11
DA:98,5
DA:99,15
DA:100,20
DA:103,4
DA:104,44
DA:110,3
DA:111,6
DA:112,6
DA:114,6
DA:116,6
DA:117,3
DA:118,3
DA:120,3
DA:121,6
DA:122,6
DA:123,3
DA:128,3
DA:129,2
LF:53
LH:53
end_of_record
SF:lib/components/style/snackbar.dart
DA:4,5
DA:9,15
DA:12,5
DA:14,0
DA:16,10
DA:19,5
DA:24,4
DA:25,4
DA:32,4
DA:33,4
LF:10
LH:9
end_of_record
SF:lib/components/style/empty_body.dart
DA:9,8
DA:11,8
DA:13,8
DA:15,8
DA:18,8
DA:19,8
DA:20,14
DA:21,24
DA:23,24
LF:9
LH:9
end_of_record
SF:lib/components/style/feature_switch.dart
DA:8,1
DA:12,1
DA:14,1
DA:15,1
DA:21,1
DA:23,1
DA:24,1
DA:25,0
DA:26,0
DA:27,0
DA:31,1
DA:33,3
DA:34,1
LF:13
LH:10
end_of_record
SF:lib/components/style/icon_filled_button.dart
DA:10,3
DA:15,3
DA:17,3
DA:19,3
DA:20,3
DA:22,3
DA:26,3
DA:27,3
DA:28,0
DA:30,0
DA:31,0
DA:33,3
DA:34,3
DA:36,3
DA:37,6
DA:43,83
LF:16
LH:13
end_of_record
SF:lib/components/style/icon_text.dart
DA:8,4
DA:13,4
DA:15,4
DA:17,8
DA:18,20
DA:19,16
LF:6
LH:6
end_of_record
SF:lib/components/style/item_editable_info.dart
DA:12,2
DA:17,2
DA:19,2
DA:21,6
DA:23,4
DA:24,2
DA:25,2
DA:27,2
DA:28,6
DA:29,6
DA:33,2
DA:34,2
DA:35,2
LF:13
LH:13
end_of_record
SF:lib/components/style/nav_home_button.dart
DA:5,4
DA:7,2
DA:9,2
DA:10,0
DA:11,2
LF:5
LH:4
end_of_record
SF:lib/components/style/outlined_text.dart
DA:9,2
DA:11,1
DA:13,1
DA:16,1
DA:17,1
DA:18,1
DA:19,1
DA:21,2
DA:24,1
DA:25,1
DA:26,1
DA:27,3
DA:28,0
DA:29,2
DA:31,2
DA:33,1
DA:36,1
DA:37,1
DA:38,1
DA:39,1
DA:40,1
DA:41,2
DA:43,1
LF:23
LH:22
end_of_record
SF:lib/components/style/search_bar_inline.dart
DA:13,4
DA:21,4
DA:22,4
DA:24,4
DA:26,12
DA:27,4
DA:29,4
DA:30,8
DA:33,4
DA:36,4
DA:37,6
DA:39,4
DA:43,4
DA:44,4
DA:45,4
DA:46,4
DA:49,8
LF:17
LH:17
end_of_record
SF:lib/components/style/single_row_warp.dart
DA:7,3
DA:10,3
DA:12,3
DA:14,3
DA:15,3
DA:17,3
DA:19,3
DA:21,3
LF:8
LH:8
end_of_record
SF:lib/components/style/text_divider.dart
DA:8,83
DA:12,1
DA:14,1
DA:16,2
DA:17,1
DA:18,1
DA:20,1
DA:23,2
DA:24,1
DA:25,1
DA:27,1
LF:11
LH:11
end_of_record
SF:lib/components/tutorial.dart
DA:15,2
DA:21,2
DA:25,2
DA:26,2
DA:27,2
DA:28,2
DA:29,2
DA:30,2
DA:31,2
DA:32,2
DA:33,2
DA:34,2
DA:35,2
DA:36,2
DA:37,2
DA:40,2
DA:41,2
DA:42,1
DA:43,1
DA:44,1
DA:46,4
DA:55,4
DA:58,2
DA:59,2
DA:60,2
DA:64,3
DA:67,1
DA:68,1
DA:69,2
DA:70,1
DA:71,3
DA:72,1
DA:76,0
DA:78,3
DA:88,2
DA:90,2
DA:91,8
DA:94,0
DA:96,0
DA:99,2
DA:101,2
DA:104,2
DA:106,3
DA:107,4
DA:108,2
DA:116,2
DA:118,8
DA:122,2
DA:123,4
DA:127,1
DA:129,3
DA:130,3
DA:152,2
LF:53
LH:50
end_of_record
SF:lib/constants/app_themes.dart
DA:6,3
DA:8,3
DA:11,0
LF:3
LH:2
end_of_record
SF:lib/helpers/logger.dart
DA:15,30
DA:17,5
DA:19,5
DA:21,5
DA:23,5
DA:24,5
DA:26,15
DA:27,10
DA:35,0
DA:36,0
DA:37,0
DA:44,19
DA:45,38
DA:46,10
DA:53,0
DA:54,0
DA:55,0
DA:64,2
DA:65,4
DA:66,0
DA:67,0
DA:70,0
LF:22
LH:13
end_of_record
SF:lib/helpers/util.dart
DA:6,23
DA:7,23
DA:10,6
DA:11,2
DA:13,12
DA:16,6
DA:17,12
DA:20,2
DA:21,2
DA:23,8
DA:29,3
DA:31,24
LF:12
LH:12
end_of_record
SF:lib/helpers/validator.dart
DA:4,10
DA:9,9
DA:10,18
DA:14,4
DA:16,9
DA:17,2
DA:18,2
DA:19,1
DA:20,1
DA:27,5
DA:33,5
DA:34,5
DA:37,2
DA:39,5
DA:40,0
DA:41,3
DA:42,2
DA:44,2
DA:46,2
DA:47,0
DA:49,0
DA:57,4
DA:58,3
DA:59,3
DA:62,2
DA:69,7
DA:70,6
DA:71,6
DA:72,2
DA:73,12
DA:74,1
DA:76,1
LF:32
LH:29
end_of_record
SF:lib/models/objects/menu_object.dart
DA:9,3
DA:15,2
DA:23,0
DA:25,0
DA:26,0
DA:27,0
DA:28,0
DA:29,0
DA:33,2
DA:35,2
DA:36,2
DA:37,2
DA:38,0
DA:39,0
DA:41,6
DA:42,4
DA:43,6
DA:48,2
DA:50,3
DA:52,2
DA:53,2
DA:54,2
DA:55,2
DA:56,4
DA:57,2
DA:59,6
DA:60,8
DA:61,4
DA:62,4
DA:69,4
DA:78,2
DA:89,1
DA:91,1
DA:92,2
DA:93,2
DA:94,2
DA:95,2
DA:96,3
DA:97,1
DA:98,2
DA:99,1
DA:104,2
DA:106,2
DA:107,2
DA:108,8
DA:109,4
DA:110,6
DA:112,8
DA:113,4
DA:114,6
DA:116,8
DA:117,4
DA:118,6
DA:120,5
DA:121,2
DA:122,4
DA:127,3
DA:129,4
DA:130,3
DA:132,3
DA:133,3
DA:134,3
DA:135,3
DA:136,3
DA:137,3
DA:138,6
DA:139,0
DA:140,3
DA:142,5
DA:143,6
DA:144,2
DA:145,2
DA:152,3
DA:156,2
DA:162,1
DA:164,1
DA:165,1
DA:166,1
DA:167,1
DA:168,1
DA:173,2
DA:175,2
DA:176,2
DA:178,8
DA:179,4
DA:180,6
DA:183,8
DA:184,6
DA:190,2
DA:192,2
DA:194,2
DA:195,2
DA:196,2
DA:197,2
DA:199,4
DA:200,5
DA:201,2
DA:202,2
DA:209,3
DA:221,0
DA:223,0
DA:224,0
DA:225,0
DA:226,0
DA:230,2
DA:232,2
DA:233,2
DA:235,6
DA:236,4
DA:237,6
DA:239,6
DA:240,4
DA:241,6
DA:243,6
DA:244,4
DA:245,6
DA:248,8
DA:249,6
DA:255,2
DA:256,2
DA:257,2
DA:258,2
DA:259,2
DA:260,2
LF:124
LH:110
end_of_record
SF:lib/models/objects/stock_object.dart
DA:8,3
DA:28,1
DA:30,1
DA:31,1
DA:32,1
DA:33,1
DA:34,1
DA:35,1
DA:36,1
DA:37,3
DA:41,2
DA:43,2
DA:44,2
DA:46,8
DA:47,4
DA:48,6
DA:50,8
DA:51,4
DA:52,6
DA:54,5
DA:55,2
DA:56,3
DA:58,5
DA:59,2
DA:60,3
DA:62,5
DA:63,2
DA:64,3
DA:66,5
DA:67,2
DA:68,3
DA:71,2
DA:72,4
DA:73,8
DA:79,1
DA:80,1
DA:81,1
DA:82,1
DA:83,1
DA:84,1
DA:85,1
DA:86,1
DA:87,1
DA:88,1
DA:90,0
DA:96,3
DA:106,2
DA:108,2
DA:109,2
DA:110,2
DA:114,2
DA:116,2
DA:117,2
DA:119,8
DA:120,4
DA:121,6
DA:123,2
DA:124,6
DA:125,4
DA:126,6
DA:132,1
DA:133,1
DA:134,1
DA:135,1
DA:136,1
DA:142,3
DA:152,1
DA:154,1
DA:155,1
DA:156,1
DA:160,2
DA:162,2
DA:163,2
DA:165,6
DA:166,4
DA:167,6
DA:169,6
DA:170,4
DA:171,4
DA:172,4
DA:179,1
DA:180,1
DA:181,1
DA:183,1
DA:184,2
DA:185,1
DA:186,1
DA:191,1
DA:192,1
DA:193,1
LF:90
LH:89
end_of_record
SF:lib/routes.dart
DA:68,0
DA:69,0
DA:71,6
DA:72,0
DA:73,0
DA:74,0
DA:75,0
DA:76,0
DA:77,0
DA:78,0
DA:79,0
DA:80,0
DA:81,0
DA:84,0
DA:86,0
DA:87,0
DA:88,0
DA:89,0
DA:91,0
DA:92,0
DA:93,0
DA:94,0
DA:95,0
DA:96,0
DA:98,1
DA:99,3
DA:100,1
DA:101,1
DA:103,1
DA:105,1
DA:107,0
DA:108,0
DA:109,1
DA:110,3
DA:111,1
DA:112,1
DA:114,1
DA:116,1
DA:118,0
DA:119,0
DA:120,1
DA:121,3
DA:122,1
DA:123,1
DA:125,1
DA:127,1
DA:129,0
DA:130,0
DA:132,0
DA:133,0
DA:134,0
DA:135,0
DA:136,0
DA:137,0
DA:138,0
LF:55
LH:19
end_of_record
SF:lib/ui/home/home_screen.dart
DA:13,3
DA:14,1
DA:15,1
DA:16,1
DA:21,1
DA:22,1
DA:32,1
DA:37,1
DA:38,1
DA:56,1
DA:57,1
DA:58,1
DA:68,1
DA:76,4
DA:78,1
DA:79,1
DA:84,3
DA:92,1
DA:94,2
DA:95,2
DA:96,3
DA:98,1
DA:99,4
DA:100,4
DA:101,1
DA:104,1
DA:106,1
DA:107,1
DA:108,1
DA:109,1
DA:111,1
DA:112,1
DA:113,2
DA:115,1
DA:116,1
DA:117,1
DA:131,0
DA:133,0
DA:134,0
DA:137,1
DA:139,1
DA:140,2
DA:143,1
DA:145,2
DA:146,2
DA:147,1
DA:148,1
DA:151,1
DA:152,0
DA:165,1
DA:170,1
DA:172,1
DA:174,1
DA:175,1
DA:176,0
DA:177,2
DA:178,1
DA:180,1
DA:181,2
DA:182,1
DA:183,3
DA:184,4
LF:62
LH:57
end_of_record
SF:lib/ui/model_initializer.dart
DA:13,4
DA:15,2
DA:17,5
DA:20,2
DA:23,2
DA:24,2
DA:25,2
DA:26,4
DA:30,3
DA:31,3
DA:32,3
DA:33,3
DA:34,3
DA:35,3
LF:14
LH:14
end_of_record
SF:lib/ui/splash/welcome_splash.dart
DA:4,4
DA:6,2
DA:8,2
DA:9,2
DA:10,2
DA:12,6
LF:6
LH:6
end_of_record
SF:lib/providers/feature_provider.dart
DA:7,83
DA:12,2
DA:13,4
DA:15,0
DA:16,0
DA:17,0
DA:20,2
DA:21,6
DA:23,0
DA:24,0
DA:25,0
DA:29,83
LF:12
LH:6
end_of_record
SF:lib/ui/cashier/changer/changer_modal.dart
DA:8,6
DA:10,3
DA:11,3
DA:20,3
DA:22,3
DA:25,3
DA:26,3
DA:27,3
DA:28,3
DA:29,3
DA:30,3
DA:31,3
DA:34,9
DA:35,3
DA:36,3
DA:37,0
DA:39,3
DA:40,3
DA:41,0
DA:42,0
DA:43,0
DA:48,3
DA:50,3
DA:51,3
DA:52,3
DA:53,3
DA:55,3
DA:56,3
DA:57,9
DA:60,3
DA:61,6
DA:62,6
DA:64,3
DA:70,3
DA:72,6
DA:73,3
DA:76,1
DA:77,3
DA:78,0
DA:79,4
DA:81,1
DA:82,3
DA:86,3
DA:88,6
DA:89,3
LF:45
LH:40
end_of_record
SF:lib/ui/menu/menu_search.dart
DA:9,2
DA:11,1
DA:13,1
DA:14,3
DA:15,1
DA:16,1
DA:17,3
DA:23,1
DA:24,1
DA:25,2
DA:26,3
DA:28,1
DA:33,0
DA:34,0
LF:14
LH:12
end_of_record
SF:lib/ui/menu/product/widgets/product_quantity_search.dart
DA:12,2
DA:14,1
DA:16,1
DA:17,3
DA:18,1
DA:19,1
DA:20,2
DA:21,1
DA:22,1
DA:27,0
DA:28,0
DA:29,0
DA:30,0
DA:31,0
DA:32,0
DA:36,0
DA:38,0
DA:39,0
DA:44,1
DA:45,1
DA:46,3
DA:47,1
DA:48,1
DA:49,3
DA:50,2
LF:25
LH:16
end_of_record
SF:lib/ui/menu/widgets/catalog_orderable_list.dart
DA:8,0
DA:10,0
DA:12,0
DA:13,0
DA:14,0
DA:15,0
LF:6
LH:0
end_of_record
SF:lib/ui/analysis/analysis_screen.dart
DA:10,3
DA:12,2
DA:14,1
DA:16,1
DA:17,1
DA:18,2
DA:19,1
DA:20,0
DA:21,1
DA:24,1
DA:25,2
DA:26,0
DA:27,1
DA:31,1
DA:32,1
DA:34,1
DA:35,1
DA:36,1
DA:38,1
DA:39,1
DA:42,1
DA:43,1
DA:44,3
DA:51,0
DA:52,0
DA:53,0
DA:55,0
DA:56,0
DA:58,0
DA:59,0
DA:64,0
DA:65,0
DA:66,0
DA:68,0
DA:69,0
DA:70,0
DA:71,0
DA:72,0
DA:77,0
DA:81,0
DA:82,0
DA:83,0
DA:88,1
DA:90,6
DA:91,5
DA:93,2
LF:46
LH:25
end_of_record
SF:lib/ui/cashier/cashier_screen.dart
DA:15,1
DA:17,2
DA:18,1
DA:19,1
DA:20,2
DA:21,1
DA:24,1
DA:25,1
DA:26,1
DA:27,2
DA:28,1
DA:33,1
DA:34,1
DA:35,1
DA:36,1
DA:37,0
DA:38,1
DA:40,1
DA:41,1
DA:42,2
DA:43,1
DA:47,1
DA:49,2
DA:51,1
DA:52,1
DA:53,1
DA:54,1
DA:55,1
DA:63,1
DA:65,3
DA:67,0
DA:68,0
DA:72,1
DA:73,2
DA:74,1
DA:77,2
DA:79,2
DA:81,1
DA:84,0
DA:85,0
DA:87,0
DA:91,1
DA:92,2
DA:93,2
DA:95,2
DA:97,1
DA:100,1
DA:105,3
DA:107,2
LF:49
LH:43
end_of_record
SF:lib/ui/customer/customer_screen.dart
DA:5,0
DA:7,0
DA:8,0
DA:9,0
DA:10,0
DA:11,0
DA:12,0
DA:15,0
DA:16,0
DA:19,0
DA:20,0
DA:21,0
DA:23,0
LF:13
LH:0
end_of_record
SF:lib/ui/invoicer/invoicer_screen.dart
DA:5,0
DA:7,0
DA:8,0
DA:9,0
DA:10,0
DA:11,0
DA:12,0
DA:15,0
DA:16,0
DA:19,0
DA:20,0
DA:21,0
DA:23,0
LF:13
LH:0
end_of_record
SF:lib/ui/menu/catalog/catalog_screen.dart
DA:17,1
DA:19,1
DA:21,2
DA:23,3
DA:28,1
DA:29,1
DA:30,1
DA:31,1
DA:32,1
DA:33,2
DA:34,1
DA:36,1
DA:37,2
DA:39,1
DA:43,1
DA:44,1
DA:45,2
DA:47,1
DA:48,1
DA:49,0
DA:50,1
DA:52,1
DA:53,1
DA:54,1
DA:56,1
DA:57,1
DA:59,2
DA:60,1
DA:62,1
DA:65,2
DA:67,1
DA:76,1
DA:77,1
DA:78,1
DA:79,2
DA:80,1
DA:81,3
DA:86,1
DA:87,2
DA:88,1
DA:89,3
LF:41
LH:40
end_of_record
SF:lib/ui/menu/catalog/widgets/product_modal.dart
DA:15,2
DA:20,2
DA:22,2
DA:23,2
DA:32,2
DA:34,4
DA:35,4
DA:36,4
DA:37,2
DA:40,2
DA:42,2
DA:43,2
DA:44,2
DA:48,2
DA:49,2
DA:50,2
DA:51,2
DA:55,4
DA:57,2
DA:58,2
DA:61,2
DA:62,2
DA:63,2
DA:66,4
DA:68,2
DA:69,2
DA:72,2
DA:73,2
DA:74,2
DA:77,0
DA:78,4
DA:83,1
DA:84,1
DA:86,2
DA:87,1
DA:88,2
DA:89,3
DA:90,1
DA:91,1
DA:92,1
DA:95,4
DA:98,4
DA:99,2
DA:103,2
DA:105,2
DA:107,4
DA:108,6
DA:109,8
DA:110,8
DA:114,1
DA:115,2
DA:118,2
DA:119,3
DA:123,3
DA:126,1
DA:128,2
DA:130,7
DA:131,0
DA:135,1
DA:136,1
DA:137,2
DA:138,3
DA:139,3
LF:63
LH:61
end_of_record
SF:lib/ui/menu/catalog/widgets/product_orderable_list.dart
DA:8,0
DA:9,0
DA:13,0
DA:15,0
DA:16,0
DA:17,0
DA:18,0
LF:7
LH:0
end_of_record
SF:lib/ui/menu/menu_screen.dart
DA:18,1
DA:19,1
DA:28,1
DA:31,1
DA:33,1
DA:34,1
DA:35,2
DA:36,1
DA:37,0
DA:38,1
DA:39,1
DA:40,1
DA:41,0
DA:43,0
DA:45,1
DA:49,1
DA:50,1
DA:51,1
DA:52,1
DA:53,1
DA:55,1
DA:56,3
DA:57,1
DA:61,1
DA:62,3
DA:65,1
DA:67,2
DA:69,2
DA:71,1
DA:72,3
DA:73,1
DA:75,1
DA:76,1
DA:79,1
DA:82,0
DA:83,0
DA:84,0
DA:85,0
DA:86,0
DA:87,0
DA:88,0
DA:94,1
DA:95,1
DA:97,1
DA:99,0
DA:103,1
DA:105,1
DA:106,3
DA:107,4
DA:111,3
DA:113,1
DA:114,1
DA:116,1
DA:117,1
DA:118,1
DA:119,1
LF:56
LH:45
end_of_record
SF:lib/ui/menu/product/product_screen.dart
DA:18,1
DA:20,1
DA:22,3
DA:27,1
DA:29,1
DA:30,1
DA:31,1
DA:32,1
DA:33,2
DA:37,1
DA:38,1
DA:39,1
DA:40,1
DA:41,2
DA:48,1
DA:49,1
DA:50,2
DA:52,1
DA:53,1
DA:54,0
DA:55,1
DA:57,1
DA:58,1
DA:59,1
DA:61,1
DA:62,1
DA:64,1
DA:65,1
DA:66,1
DA:68,1
DA:71,3
LF:31
LH:30
end_of_record
SF:lib/ui/menu/product/widgets/product_ingredient_modal.dart
DA:22,2
DA:27,2
DA:29,2
DA:30,2
DA:40,2
DA:41,4
DA:43,2
DA:44,2
DA:45,1
DA:46,2
DA:47,1
DA:48,1
DA:49,1
DA:50,2
DA:51,1
DA:53,3
DA:55,3
DA:60,2
DA:62,2
DA:66,2
DA:67,4
DA:68,4
DA:69,8
DA:71,2
DA:73,4
DA:74,2
DA:77,2
DA:79,2
DA:80,2
DA:81,2
DA:82,2
DA:83,2
DA:84,2
DA:85,2
DA:86,2
DA:88,2
DA:89,2
DA:91,0
DA:93,2
DA:94,2
DA:95,2
DA:99,4
DA:104,2
DA:106,2
DA:108,4
DA:110,8
DA:112,4
DA:113,4
DA:118,1
DA:119,1
DA:121,2
DA:122,4
DA:124,1
DA:125,3
DA:126,2
DA:127,1
DA:130,4
DA:133,3
DA:136,1
DA:138,2
DA:139,0
DA:141,5
DA:142,4
DA:143,0
DA:147,1
DA:149,1
DA:150,1
DA:152,0
DA:156,1
DA:157,2
DA:158,1
DA:159,2
DA:160,6
DA:164,0
DA:165,0
DA:166,0
DA:170,1
DA:171,1
DA:172,1
DA:173,3
DA:177,1
DA:178,3
DA:180,1
DA:183,1
DA:186,2
DA:187,1
DA:188,2
DA:189,2
LF:88
LH:81
end_of_record
SF:lib/ui/menu/product/widgets/product_ingredient_search.dart
DA:12,2
DA:14,1
DA:16,1
DA:17,3
DA:18,1
DA:19,1
DA:20,2
DA:21,1
DA:22,1
DA:27,0
DA:28,0
DA:29,0
DA:30,0
DA:31,0
DA:32,0
DA:36,0
DA:38,0
DA:39,0
DA:44,1
DA:45,1
DA:46,3
DA:47,1
DA:48,1
DA:49,3
DA:50,2
LF:25
LH:16
end_of_record
SF:lib/ui/menu/product/widgets/product_quantity_modal.dart
DA:21,2
DA:26,2
DA:28,2
DA:29,2
DA:41,2
DA:42,4
DA:44,2
DA:45,2
DA:46,1
DA:47,2
DA:48,1
DA:49,1
DA:50,1
DA:51,2
DA:52,1
DA:54,3
DA:56,3
DA:61,2
DA:63,2
DA:67,2
DA:68,4
DA:69,4
DA:70,8
DA:72,2
DA:74,4
DA:75,4
DA:76,4
DA:77,2
DA:80,2
DA:82,2
DA:83,2
DA:84,2
DA:85,2
DA:86,2
DA:87,2
DA:88,2
DA:89,2
DA:91,2
DA:92,2
DA:95,2
DA:96,2
DA:99,4
DA:101,2
DA:102,2
DA:105,2
DA:106,2
DA:107,2
DA:108,2
DA:112,2
DA:113,2
DA:116,2
DA:117,2
DA:120,0
DA:121,2
DA:122,2
DA:123,2
DA:124,2
DA:128,2
DA:129,2
DA:135,2
DA:137,2
DA:139,4
DA:140,8
DA:141,2
DA:142,6
DA:143,8
DA:146,4
DA:147,4
DA:152,1
DA:153,1
DA:155,2
DA:156,1
DA:157,3
DA:158,2
DA:159,1
DA:160,1
DA:161,1
DA:164,3
DA:166,4
DA:169,3
DA:172,1
DA:174,2
DA:175,0
DA:177,5
DA:178,4
DA:179,0
DA:183,1
DA:185,1
DA:186,1
DA:188,0
DA:192,1
DA:193,2
DA:194,1
DA:195,2
DA:196,6
DA:199,0
DA:200,0
DA:201,0
DA:205,1
DA:206,1
DA:207,1
DA:208,3
DA:209,3
DA:210,3
DA:214,1
DA:215,3
DA:217,1
DA:220,1
DA:221,2
DA:222,1
DA:223,2
DA:224,2
DA:225,2
DA:230,1
DA:231,7
LF:115
LH:108
end_of_record
SF:lib/ui/menu/widgets/catalog_modal.dart
DA:14,1
DA:16,1
DA:18,1
DA:19,1
DA:26,1
DA:28,2
DA:29,1
DA:32,1
DA:34,1
DA:36,5
DA:39,1
DA:41,1
DA:42,1
DA:43,1
DA:47,1
DA:48,1
DA:49,1
DA:50,1
DA:53,0
DA:55,2
DA:60,1
DA:61,3
DA:63,2
DA:64,1
DA:65,1
DA:66,2
DA:69,3
DA:72,4
DA:73,2
DA:78,1
DA:79,2
DA:82,2
DA:83,3
DA:87,3
DA:90,1
DA:92,2
DA:94,6
DA:95,0
LF:38
LH:36
end_of_record
SF:lib/ui/order/order_screen.dart
DA:25,2
DA:27,1
DA:28,1
DA:35,1
DA:37,1
DA:40,5
DA:42,1
DA:44,1
DA:45,3
DA:47,1
DA:48,1
DA:49,3
DA:50,4
DA:52,1
DA:53,1
DA:54,1
DA:55,3
DA:58,1
DA:60,1
DA:62,1
DA:63,1
DA:64,1
DA:65,2
DA:67,1
DA:69,0
DA:71,1
DA:73,1
DA:74,1
DA:75,1
DA:76,2
DA:77,2
DA:81,2
DA:82,1
DA:88,0
DA:97,1
DA:99,1
DA:100,4
DA:103,0
DA:105,0
DA:106,0
DA:109,1
DA:111,1
DA:112,0
DA:114,1
DA:117,1
DA:119,2
DA:120,1
DA:123,1
DA:124,2
DA:125,1
DA:126,2
DA:129,0
DA:130,0
LF:53
LH:45
end_of_record
SF:lib/ui/printer/printer_screen.dart
DA:5,0
DA:7,0
DA:8,0
DA:9,0
DA:10,0
DA:11,0
DA:12,0
DA:15,0
DA:16,0
DA:19,0
DA:20,0
DA:21,0
DA:23,0
LF:13
LH:0
end_of_record
SF:lib/ui/setting/setting_screen.dart
DA:25,1
DA:26,1
DA:34,1
DA:38,1
DA:40,1
DA:42,1
DA:43,1
DA:47,2
DA:53,1
DA:55,1
DA:56,1
DA:58,2
DA:59,2
DA:61,5
DA:62,1
DA:64,1
DA:66,1
DA:67,1
DA:68,2
DA:69,1
DA:70,0
DA:71,1
DA:74,1
DA:75,1
DA:76,1
DA:77,1
DA:78,2
DA:79,5
DA:80,1
DA:81,0
DA:82,0
DA:83,0
DA:88,1
DA:89,2
DA:90,2
DA:91,1
DA:92,0
DA:93,0
DA:94,0
DA:99,1
DA:100,1
DA:101,2
DA:102,1
DA:103,0
DA:104,0
DA:107,0
DA:108,0
DA:111,1
DA:112,1
DA:113,1
DA:114,1
DA:115,1
DA:116,1
DA:117,0
DA:118,0
DA:126,0
DA:132,0
DA:133,0
DA:134,0
DA:142,0
DA:143,0
LF:61
LH:42
end_of_record
SF:lib/ui/stock/widgets/ingredient_modal.dart
DA:23,1
DA:25,1
DA:27,1
DA:28,1
DA:36,1
DA:38,2
DA:40,5
DA:42,5
DA:44,1
DA:46,1
DA:48,1
DA:49,1
DA:50,1
DA:51,1
DA:53,1
DA:54,1
DA:55,1
DA:57,1
DA:58,1
DA:59,3
DA:62,3
DA:67,3
DA:68,1
DA:69,1
DA:70,4
DA:72,1
DA:78,1
DA:80,2
DA:81,2
DA:82,1
DA:85,1
DA:86,1
DA:87,1
DA:88,1
DA:89,1
DA:92,1
DA:93,1
DA:94,1
DA:95,1
DA:98,2
DA:100,2
DA:102,1
DA:103,1
DA:104,1
DA:107,1
DA:108,1
DA:109,1
DA:110,1
DA:114,2
DA:118,1
DA:120,1
DA:121,5
DA:123,3
DA:124,2
DA:126,3
DA:130,1
DA:131,1
DA:133,2
DA:134,4
DA:137,5
DA:138,1
DA:139,1
DA:140,1
DA:143,3
DA:146,1
DA:148,2
DA:150,6
DA:151,0
DA:155,0
DA:156,0
DA:162,1
DA:163,1
DA:164,2
DA:165,3
LF:74
LH:71
end_of_record
SF:lib/ui/stock/quantity/quantity_screen.dart
DA:13,2
DA:15,1
DA:17,1
DA:20,3
DA:22,1
DA:23,1
DA:24,2
DA:25,1
DA:27,1
DA:28,1
DA:29,1
DA:30,2
DA:35,1
DA:37,1
DA:38,1
DA:39,2
DA:40,1
DA:41,0
DA:42,1
DA:45,1
DA:47,1
DA:48,1
LF:22
LH:21
end_of_record
SF:lib/ui/stock/quantity/widgets/quantity_modal.dart
DA:14,1
DA:15,1
DA:17,1
DA:18,1
DA:26,1
DA:28,2
DA:29,2
DA:31,1
DA:34,1
DA:36,1
DA:37,1
DA:38,1
DA:39,1
DA:42,1
DA:43,1
DA:44,1
DA:45,1
DA:48,4
DA:49,2
DA:51,2
DA:53,1
DA:54,1
DA:55,1
DA:58,0
DA:59,1
DA:60,1
DA:61,1
DA:62,1
DA:67,1
DA:68,1
DA:74,1
DA:76,1
DA:78,5
DA:80,4
DA:81,2
DA:83,3
DA:87,1
DA:88,1
DA:90,2
DA:91,4
DA:95,5
DA:96,1
DA:97,1
DA:98,1
DA:101,3
DA:104,1
DA:106,2
DA:108,6
DA:109,0
DA:113,1
DA:114,1
DA:115,2
DA:116,3
LF:53
LH:51
end_of_record
SF:lib/ui/stock/replenishment/replenishment_modal.dart
DA:16,2
DA:18,1
DA:19,1
DA:29,1
DA:31,3
DA:32,1
DA:33,1
DA:35,1
DA:37,1
DA:39,3
DA:41,1
DA:42,1
DA:44,1
DA:45,4
DA:46,2
DA:52,1
DA:55,1
DA:57,1
DA:59,5
DA:62,1
DA:64,2
DA:66,1
DA:69,1
DA:70,1
DA:71,1
DA:72,1
DA:73,1
DA:74,3
DA:78,5
DA:81,1
DA:82,1
DA:83,1
DA:88,1
DA:89,1
DA:90,1
DA:93,1
DA:94,1
DA:95,1
DA:96,1
DA:99,1
DA:100,2
DA:102,2
DA:106,1
DA:107,2
DA:108,3
DA:110,4
DA:114,1
DA:115,1
DA:117,2
DA:118,4
DA:120,3
DA:122,3
DA:125,3
DA:128,1
DA:130,2
DA:132,4
DA:133,2
DA:134,0
LF:58
LH:57
end_of_record
SF:lib/ui/stock/stock_screen.dart
DA:15,1
DA:17,1
DA:20,3
DA:21,1
DA:22,1
DA:23,2
DA:24,1
DA:25,0
DA:26,1
DA:29,1
DA:31,1
DA:32,1
DA:35,1
DA:36,1
DA:37,2
DA:38,1
DA:39,1
DA:43,1
DA:44,3
DA:46,1
DA:48,1
DA:49,1
DA:51,1
DA:52,1
DA:53,1
DA:55,1
DA:56,1
DA:58,1
DA:59,1
DA:63,1
DA:64,1
DA:66,1
DA:67,1
DA:69,1
DA:70,1
DA:77,1
DA:79,1
DA:80,1
DA:81,1
DA:83,1
DA:84,1
DA:88,1
DA:89,2
DA:95,2
DA:96,1
DA:98,1
DA:100,1
DA:104,1
DA:105,1
DA:106,2
LF:50
LH:49
end_of_record
SF:lib/ui/transfer/transfer_screen.dart
DA:5,0
DA:7,0
DA:8,0
DA:9,0
DA:10,0
DA:11,0
DA:12,0
DA:15,0
DA:16,0
DA:19,0
DA:20,0
DA:21,0
DA:23,0
LF:13
LH:0
end_of_record
SF:lib/ui/analysis/widgets/calendar_wrapper.dart
DA:9,16
DA:10,10
DA:22,2
DA:28,2
DA:30,2
DA:31,2
DA:50,2
DA:52,2
DA:53,2
DA:54,2
DA:55,2
DA:56,2
DA:57,4
DA:60,4
DA:62,2
DA:63,2
DA:64,2
DA:65,2
DA:66,2
DA:69,2
DA:72,6
DA:73,8
DA:74,4
DA:75,2
DA:76,0
DA:77,1
DA:78,1
DA:82,2
DA:84,2
DA:86,8
DA:89,2
DA:91,2
DA:93,9
DA:95,12
DA:96,8
DA:97,8
DA:101,2
DA:102,2
DA:104,1
DA:105,1
DA:106,3
DA:107,0
DA:108,2
DA:110,1
DA:113,1
DA:114,1
DA:115,1
DA:116,1
DA:118,1
DA:119,2
DA:120,1
DA:127,1
DA:128,2
DA:129,1
DA:130,1
DA:132,2
DA:133,1
DA:136,3
DA:140,1
DA:142,1
DA:144,1
DA:145,2
DA:146,3
DA:147,2
DA:149,4
DA:151,4
LF:66
LH:64
end_of_record
SF:lib/ui/analysis/widgets/order_list.dart
DA:17,4
DA:19,2
DA:20,2
DA:33,2
DA:35,4
DA:36,1
DA:37,2
DA:38,2
DA:39,2
DA:40,6
DA:42,2
DA:43,1
DA:44,1
DA:45,3
DA:49,3
DA:51,1
DA:52,1
DA:53,1
DA:54,1
DA:56,1
DA:57,2
DA:58,3
DA:62,1
DA:63,1
DA:64,1
DA:67,2
DA:68,1
DA:69,1
DA:70,4
DA:71,2
DA:78,1
DA:83,2
DA:84,1
DA:85,1
DA:86,1
DA:87,2
DA:88,1
DA:89,1
DA:92,1
DA:93,1
DA:95,0
DA:96,0
DA:97,0
DA:98,0
DA:100,1
DA:102,1
DA:103,1
DA:104,1
DA:105,1
DA:106,0
DA:107,1
DA:108,3
DA:110,1
DA:116,1
DA:117,7
DA:119,2
DA:120,1
DA:121,2
DA:122,2
DA:124,3
DA:127,1
DA:128,2
DA:129,0
DA:130,0
DA:131,1
DA:132,4
DA:133,4
DA:135,1
DA:136,1
DA:138,2
DA:140,1
DA:141,3
DA:142,4
DA:143,4
DA:145,0
DA:146,0
DA:152,83
LF:77
LH:68
end_of_record
SF:lib/ui/analysis/widgets/order_modal.dart
DA:13,0
DA:15,0
DA:17,0
DA:18,0
DA:19,0
DA:20,0
DA:21,0
DA:23,0
DA:24,0
DA:25,0
DA:27,0
DA:29,0
DA:30,0
DA:31,0
DA:32,0
DA:33,0
DA:42,0
DA:44,0
DA:46,0
DA:48,0
DA:49,0
DA:50,0
DA:51,0
DA:52,0
DA:54,0
DA:59,0
DA:60,0
DA:61,0
DA:62,0
DA:64,0
DA:66,0
DA:67,0
DA:68,0
DA:69,0
LF:34
LH:0
end_of_record
SF:lib/ui/cashier/widgets/cashier_surplus.dart
DA:5,4
DA:7,2
DA:9,2
DA:11,4
DA:12,4
DA:13,2
DA:14,2
DA:15,6
DA:16,4
DA:19,4
DA:20,2
DA:21,8
DA:23,2
DA:24,2
DA:26,2
DA:27,2
DA:28,4
DA:29,4
DA:30,4
DA:31,4
DA:33,2
DA:34,4
DA:35,2
DA:36,3
DA:37,3
DA:38,6
DA:39,3
DA:47,1
DA:48,2
DA:49,3
LF:30
LH:30
end_of_record
SF:lib/ui/cashier/widgets/cashier_unit_list.dart
DA:11,4
DA:13,2
DA:15,2
DA:17,2
DA:18,1
DA:19,1
DA:21,1
DA:22,3
DA:23,3
DA:24,1
DA:26,1
DA:27,1
DA:28,2
DA:32,1
DA:33,2
DA:41,2
DA:45,1
DA:46,2
DA:48,3
DA:52,1
DA:53,2
DA:55,3
DA:59,1
DA:60,2
DA:62,2
DA:63,1
DA:64,1
DA:70,1
LF:28
LH:28
end_of_record
SF:lib/ui/cashier/changer/changer_modal_custom.dart
DA:14,4
DA:17,4
DA:19,1
DA:20,1
DA:39,1
DA:41,1
DA:43,2
DA:44,1
DA:45,1
DA:46,1
DA:50,1
DA:51,1
DA:52,1
DA:54,1
DA:55,1
DA:56,1
DA:58,1
DA:59,1
DA:60,1
DA:61,1
DA:62,1
DA:63,1
DA:64,1
DA:68,1
DA:69,3
DA:70,1
DA:72,1
DA:73,1
DA:74,3
DA:76,4
DA:78,1
DA:79,1
DA:80,1
DA:81,3
DA:83,1
DA:84,3
DA:85,2
DA:86,1
DA:87,5
DA:88,3
DA:89,1
DA:91,2
DA:93,1
DA:94,0
DA:95,0
DA:97,1
DA:98,1
DA:103,1
DA:104,1
DA:106,1
DA:107,1
DA:108,1
DA:110,1
DA:115,1
DA:117,1
DA:118,1
DA:119,3
DA:120,3
DA:122,1
DA:131,1
DA:133,2
DA:134,2
DA:135,1
DA:138,1
DA:139,1
DA:141,3
DA:142,3
DA:144,2
DA:145,4
DA:146,2
DA:147,1
DA:148,2
DA:149,5
DA:154,0
DA:159,1
DA:160,2
DA:163,1
DA:164,1
DA:166,4
DA:167,1
DA:168,3
DA:169,1
DA:171,1
DA:172,2
DA:173,3
DA:176,3
DA:179,1
DA:180,2
DA:181,1
DA:183,4
DA:187,1
DA:189,1
DA:190,2
DA:191,2
DA:194,1
DA:195,3
DA:198,3
DA:200,3
DA:201,2
DA:203,3
DA:204,2
DA:207,1
DA:211,2
DA:212,3
DA:213,1
DA:214,4
DA:217,2
DA:223,1
DA:224,1
DA:228,2
DA:229,3
DA:230,2
DA:231,6
DA:235,1
DA:236,1
DA:238,3
DA:239,1
DA:240,4
DA:241,1
DA:242,4
DA:249,1
DA:250,2
DA:251,1
DA:253,1
DA:254,1
DA:258,1
DA:259,4
DA:260,3
DA:261,1
LF:129
LH:126
end_of_record
SF:lib/ui/cashier/changer/changer_modal_favorite.dart
DA:14,4
DA:17,4
DA:19,4
DA:20,4
DA:30,4
DA:32,8
DA:33,9
DA:36,2
DA:37,2
DA:38,3
DA:39,4
DA:41,12
DA:42,2
DA:44,12
DA:47,2
DA:48,4
DA:49,2
DA:52,2
DA:53,3
DA:55,4
DA:58,4
DA:59,2
DA:61,2
DA:63,6
DA:66,2
DA:70,2
DA:72,2
DA:76,4
DA:79,0
DA:85,1
DA:86,3
DA:88,2
DA:91,0
DA:92,0
LF:34
LH:31
end_of_record
SF:lib/ui/home/home_tutorial.dart
DA:9,84
DA:17,0
DA:22,0
DA:23,0
DA:24,0
DA:27,0
DA:28,0
DA:30,0
DA:32,0
DA:33,0
DA:34,0
DA:35,0
DA:36,0
DA:37,0
DA:38,0
DA:39,0
DA:45,0
DA:46,0
DA:47,0
DA:49,0
DA:51,0
DA:52,0
DA:53,0
DA:54,0
DA:55,0
DA:56,0
DA:58,0
DA:59,0
DA:62,0
DA:63,0
DA:65,0
LF:31
LH:1
end_of_record
SF:lib/ui/home/widgets/order_info.dart
DA:9,6
DA:11,4
DA:13,2
DA:14,2
DA:21,2
DA:23,2
DA:25,2
DA:27,2
DA:28,2
DA:30,2
DA:32,2
DA:33,2
DA:34,6
DA:36,6
DA:41,2
DA:43,2
DA:44,2
DA:45,0
DA:46,2
DA:47,2
DA:50,6
DA:57,2
DA:59,2
DA:60,2
DA:63,1
DA:64,2
DA:65,1
DA:66,1
DA:67,1
DA:71,2
DA:72,2
DA:73,2
DA:74,2
DA:75,2
DA:76,2
DA:79,4
DA:86,2
DA:87,6
DA:89,4
DA:90,8
DA:91,5
LF:41
LH:40
end_of_record
SF:lib/ui/home/widgets/upgrade_alert.dart
DA:8,1
DA:10,1
DA:12,1
DA:13,1
DA:20,1
DA:21,1
DA:27,2
DA:29,0
DA:32,0
DA:33,0
DA:34,0
DA:35,0
DA:36,0
DA:37,0
DA:38,0
DA:39,0
DA:40,0
DA:41,0
LF:18
LH:7
end_of_record
SF:lib/ui/menu/catalog/widgets/product_list.dart
DA:12,2
DA:16,2
DA:18,2
DA:19,2
DA:20,2
DA:21,2
DA:22,2
DA:23,2
DA:24,0
DA:28,1
DA:29,1
DA:30,1
DA:31,2
DA:33,3
DA:38,1
DA:39,2
DA:41,3
DA:43,1
DA:48,1
DA:49,2
DA:55,2
DA:56,2
DA:57,2
DA:58,10
DA:60,10
DA:61,2
DA:63,4
DA:64,2
DA:69,0
DA:70,0
LF:30
LH:27
end_of_record
SF:lib/ui/menu/menu_tutorial.dart
DA:9,1
DA:15,1
DA:17,1
DA:19,1
DA:20,1
DA:28,1
LF:6
LH:6
end_of_record
SF:lib/ui/menu/widgets/catalog_list.dart
DA:14,2
DA:16,2
DA:18,2
DA:19,2
DA:20,2
DA:21,2
DA:22,2
DA:23,2
DA:24,0
DA:28,1
DA:29,1
DA:30,1
DA:31,2
DA:32,1
DA:33,0
DA:38,1
DA:39,2
DA:40,1
DA:41,1
DA:42,2
DA:48,1
DA:49,2
DA:55,2
DA:56,2
DA:57,4
DA:58,2
DA:59,10
DA:61,10
DA:62,2
DA:64,6
DA:65,2
DA:70,0
DA:71,0
DA:72,0
DA:75,0
DA:77,0
LF:36
LH:29
end_of_record
SF:lib/ui/menu/product/widgets/ingredient_expansion.dart
DA:16,4
DA:18,2
DA:19,2
DA:25,2
DA:27,6
DA:28,6
DA:29,2
DA:31,2
DA:32,2
DA:33,1
DA:34,4
DA:36,2
DA:37,4
DA:38,8
DA:44,2
DA:46,2
DA:47,10
DA:50,1
DA:51,1
DA:52,1
DA:53,2
DA:54,4
DA:55,3
DA:60,2
DA:61,2
DA:63,4
DA:64,2
DA:65,2
DA:66,2
DA:67,4
DA:68,4
DA:75,2
DA:76,2
DA:77,2
DA:78,4
DA:79,4
DA:89,1
DA:90,2
DA:91,1
DA:92,2
DA:93,4
DA:96,0
DA:97,0
DA:101,2
DA:102,5
DA:103,1
DA:104,4
DA:108,2
DA:109,3
DA:110,1
DA:112,2
DA:115,2
DA:116,2
DA:120,4
DA:122,2
DA:124,4
DA:125,1
DA:126,2
DA:127,1
DA:128,1
DA:131,1
DA:132,2
DA:135,2
DA:136,4
DA:138,8
DA:141,4
DA:142,2
DA:146,1
DA:147,1
DA:150,1
DA:151,1
DA:152,1
DA:153,1
DA:154,2
DA:158,1
DA:159,1
DA:160,1
DA:161,1
DA:162,2
DA:170,1
DA:171,1
DA:173,1
DA:176,1
DA:177,1
DA:179,1
DA:180,2
DA:181,1
DA:182,2
DA:185,2
LF:89
LH:87
end_of_record
SF:lib/ui/order/cart/cart_actions.dart
DA:8,3
DA:10,3
DA:11,3
DA:12,6
DA:13,2
DA:15,1
DA:17,3
DA:18,3
DA:20,6
DA:22,3
DA:24,6
DA:26,3
DA:28,6
DA:30,3
DA:32,3
DA:33,6
DA:35,3
DA:37,3
DA:38,6
DA:45,1
DA:48,2
DA:50,2
DA:51,1
DA:52,1
DA:57,2
DA:61,83
DA:70,1
DA:80,1
DA:82,1
DA:83,1
DA:84,1
DA:85,1
DA:88,1
DA:89,1
DA:90,1
DA:92,2
DA:94,1
DA:95,3
DA:98,1
DA:99,1
DA:100,2
DA:101,1
DA:102,1
DA:103,2
DA:105,1
DA:106,3
DA:109,1
DA:110,1
DA:111,1
DA:112,1
DA:116,1
DA:117,1
DA:119,2
DA:121,1
DA:122,3
LF:55
LH:55
end_of_record
SF:lib/ui/order/cart/cart_metadata.dart
DA:9,6
DA:11,3
DA:12,3
DA:16,3
DA:19,3
DA:21,3
DA:23,6
DA:24,12
DA:25,3
DA:26,12
DA:31,0
DA:32,0
DA:35,3
DA:37,3
DA:39,3
DA:40,3
DA:45,3
DA:47,3
DA:48,3
DA:51,3
LF:20
LH:18
end_of_record
SF:lib/ui/order/cart/cart_product_list.dart
DA:9,6
DA:11,3
DA:12,3
DA:18,3
DA:20,3
DA:22,3
DA:23,3
DA:24,3
DA:25,3
DA:27,3
DA:28,3
DA:29,3
DA:30,3
DA:31,3
DA:32,2
DA:33,1
DA:34,1
DA:35,1
DA:37,3
DA:38,6
DA:41,6
DA:43,0
DA:44,3
DA:51,3
DA:53,3
DA:54,6
DA:57,1
DA:58,2
DA:59,4
DA:60,1
DA:65,1
DA:66,1
DA:67,2
DA:81,3
DA:90,3
DA:92,3
DA:94,3
DA:95,3
DA:96,3
DA:99,3
DA:101,3
DA:102,3
DA:103,9
DA:104,3
DA:106,3
DA:107,3
DA:108,3
DA:109,3
DA:110,3
DA:111,3
DA:121,3
DA:124,3
DA:126,3
DA:127,3
DA:131,3
DA:133,3
DA:135,3
DA:136,15
DA:137,3
DA:138,3
DA:139,6
DA:141,18
LF:62
LH:61
end_of_record
SF:lib/ui/order/cart/cart_screen.dart
DA:11,4
DA:15,2
DA:17,2
DA:19,2
DA:20,2
DA:22,4
DA:23,2
DA:24,2
DA:25,3
DA:26,4
DA:29,2
DA:30,2
DA:31,2
DA:32,3
DA:33,4
DA:38,6
DA:39,2
DA:40,4
DA:41,4
DA:42,2
DA:44,2
DA:45,4
LF:22
LH:22
end_of_record
SF:lib/ui/order/cart/cart_snapshot.dart
DA:10,2
DA:12,1
DA:13,1
DA:17,1
DA:20,1
DA:22,1
DA:23,1
DA:24,4
DA:28,1
DA:30,2
DA:31,1
DA:32,1
DA:33,2
DA:34,4
DA:39,2
DA:40,1
DA:42,4
DA:46,0
DA:47,0
DA:50,1
DA:52,1
DA:54,1
DA:55,1
DA:60,1
DA:62,1
DA:63,1
DA:66,1
LF:27
LH:25
end_of_record
SF:lib/ui/order/cashier/calculator_dialog.dart
DA:10,4
DA:12,2
DA:13,2
DA:16,83
DA:31,4
DA:34,5
DA:36,2
DA:38,6
DA:40,2
DA:42,2
DA:43,2
DA:45,2
DA:47,2
DA:48,2
DA:49,2
DA:50,2
DA:51,4
DA:56,2
DA:57,2
DA:58,2
DA:61,2
DA:63,2
DA:69,2
DA:70,2
DA:71,2
DA:74,2
DA:76,2
DA:79,4
DA:80,2
DA:87,2
DA:88,2
DA:90,2
DA:92,2
DA:93,4
DA:94,2
DA:95,2
DA:96,2
DA:97,2
DA:99,4
DA:100,2
DA:101,2
DA:102,2
DA:103,2
DA:105,4
DA:106,2
DA:107,2
DA:108,2
DA:109,2
DA:111,4
DA:112,2
DA:113,2
DA:114,4
DA:115,2
DA:116,0
DA:117,0
DA:118,0
DA:119,0
DA:122,2
DA:131,2
DA:133,4
DA:134,4
DA:135,2
DA:138,1
DA:139,1
DA:141,2
DA:144,1
DA:145,1
DA:146,4
DA:148,1
DA:149,1
DA:151,1
DA:152,4
DA:153,3
DA:155,1
DA:156,3
DA:160,1
DA:162,4
DA:163,3
DA:165,1
DA:166,1
DA:167,4
DA:169,0
DA:178,2
DA:179,2
DA:180,2
DA:182,2
DA:183,2
DA:184,2
DA:190,2
DA:192,2
DA:193,4
DA:194,4
DA:196,5
DA:197,2
DA:198,5
DA:202,2
DA:203,2
DA:204,2
DA:205,2
DA:207,2
DA:209,2
DA:216,2
DA:217,2
DA:218,2
DA:220,2
DA:221,1
DA:222,1
DA:224,4
DA:225,0
DA:227,2
DA:233,1
DA:234,2
DA:235,1
DA:236,3
DA:240,1
DA:241,2
DA:243,2
DA:245,2
DA:246,1
LF:119
LH:113
end_of_record
SF:lib/ui/order/widgets/order_actions.dart
DA:10,2
DA:11,4
DA:12,1
DA:13,1
DA:14,2
DA:15,1
DA:16,0
DA:17,0
DA:23,1
DA:24,1
DA:25,2
DA:26,1
DA:27,0
DA:29,1
DA:30,1
DA:31,1
DA:32,0
DA:34,1
DA:35,2
DA:36,1
DA:37,0
DA:39,1
DA:40,2
DA:41,1
DA:42,0
DA:44,1
DA:45,2
DA:46,1
DA:47,0
DA:52,1
DA:57,1
DA:58,2
DA:59,1
DA:60,0
DA:61,1
DA:62,2
DA:64,3
DA:65,1
DA:67,1
DA:71,3
DA:73,2
DA:74,2
DA:76,1
DA:77,2
DA:79,3
DA:80,1
DA:82,1
DA:86,3
DA:88,2
DA:89,2
DA:90,1
DA:91,0
DA:93,0
DA:94,0
DA:95,1
DA:97,3
DA:99,1
DA:100,0
DA:108,1
DA:109,2
DA:111,2
DA:113,3
DA:120,83
LF:63
LH:51
end_of_record
SF:lib/ui/order/widgets/order_by_orientation.dart
DA:12,1
DA:18,1
DA:20,1
DA:22,1
DA:23,1
DA:24,3
DA:29,1
DA:30,1
DA:32,1
DA:33,1
DA:34,2
DA:35,2
DA:36,1
DA:41,1
DA:42,1
DA:44,1
DA:45,1
DA:46,1
DA:47,1
DA:48,1
DA:49,1
DA:50,2
DA:51,1
DA:56,1
DA:57,1
DA:59,1
DA:60,1
DA:61,2
LF:28
LH:28
end_of_record
SF:lib/ui/order/widgets/order_by_sliding_panel.dart
DA:14,1
DA:20,1
DA:22,1
DA:23,1
DA:29,1
DA:31,2
DA:32,1
DA:35,1
DA:37,1
DA:39,1
DA:42,7
DA:44,1
DA:48,1
DA:49,2
DA:50,2
DA:54,1
DA:55,1
DA:57,3
DA:58,1
DA:60,1
DA:61,1
DA:62,2
DA:64,2
DA:65,1
DA:66,1
DA:67,1
DA:68,1
DA:69,2
DA:71,1
DA:79,1
DA:80,1
DA:86,1
DA:88,1
DA:89,3
DA:90,2
DA:96,2
DA:97,2
DA:98,3
LF:38
LH:38
end_of_record
SF:lib/ui/order/widgets/order_ingredient_list.dart
DA:11,4
DA:13,2
DA:14,2
DA:22,2
DA:24,4
DA:25,4
DA:27,4
DA:28,2
DA:31,8
DA:32,2
DA:33,2
DA:34,4
DA:37,1
DA:38,2
DA:39,2
DA:44,2
DA:45,2
DA:46,1
DA:47,1
DA:48,1
DA:49,3
DA:51,2
DA:55,3
DA:56,1
DA:57,1
DA:60,1
DA:61,1
DA:68,2
DA:70,2
DA:71,2
DA:74,2
DA:77,0
DA:78,0
DA:81,2
DA:83,2
DA:84,2
DA:85,2
DA:90,2
DA:91,4
DA:92,2
DA:93,4
DA:95,2
DA:96,2
DA:97,4
DA:103,3
DA:105,2
DA:106,2
LF:47
LH:45
end_of_record
SF:lib/ui/order/widgets/order_product_list.dart
DA:8,2
DA:12,2
DA:17,2
DA:18,2
DA:24,2
DA:25,8
DA:27,2
DA:29,2
DA:30,2
DA:31,2
DA:33,2
DA:35,2
DA:36,2
DA:37,2
DA:38,4
DA:39,4
DA:48,2
DA:49,2
DA:50,2
DA:51,2
DA:53,6
DA:56,2
DA:58,6
DA:59,2
LF:24
LH:24
end_of_record
SF:lib/ui/order/widgets/order_catalog_list.dart
DA:13,2
DA:17,2
DA:19,2
DA:21,4
DA:22,6
DA:25,4
DA:26,2
DA:27,2
DA:28,6
DA:30,2
DA:31,2
LF:11
LH:11
end_of_record
SF:lib/ui/order/widgets/order_quantity_list.dart
DA:15,1
DA:19,1
DA:21,1
DA:22,1
DA:32,1
DA:34,2
DA:35,1
DA:36,0
DA:39,2
DA:40,1
DA:42,3
DA:45,2
DA:46,1
DA:47,1
DA:48,3
DA:49,1
DA:54,1
DA:55,3
DA:56,3
DA:61,1
DA:63,3
DA:64,3
DA:65,1
DA:68,1
DA:72,2
DA:73,1
DA:74,1
LF:27
LH:26
end_of_record
SF:lib/ui/stock/quantity/widgets/quantity_list.dart
DA:11,4
DA:13,2
DA:15,2
DA:16,2
DA:17,0
DA:18,0
DA:19,0
DA:21,2
DA:22,2
DA:23,2
DA:27,1
DA:28,2
DA:34,2
DA:35,2
DA:36,10
DA:37,4
DA:39,4
DA:44,0
DA:45,0
DA:47,0
DA:48,0
DA:51,0
DA:53,0
LF:23
LH:14
end_of_record
SF:lib/ui/stock/widgets/ingredient_list.dart
DA:19,4
DA:21,2
DA:23,2
DA:24,2
DA:25,0
DA:26,0
DA:27,0
DA:29,2
DA:30,2
DA:31,2
DA:35,1
DA:36,2
DA:42,1
DA:47,2
DA:49,2
DA:50,1
DA:51,1
DA:56,1
DA:59,2
DA:60,2
DA:62,1
DA:64,2
DA:68,1
DA:69,2
DA:71,1
DA:72,3
DA:75,2
DA:78,1
DA:79,2
DA:81,3
DA:84,3
DA:87,2
DA:88,2
DA:89,2
DA:90,4
DA:92,2
DA:93,2
DA:94,2
DA:95,3
DA:96,1
DA:98,4
DA:100,2
DA:101,2
DA:102,3
DA:103,1
DA:105,4
DA:109,2
DA:111,2
DA:112,2
DA:116,2
DA:125,0
DA:126,0
DA:128,0
DA:129,0
DA:132,0
DA:134,0
LF:56
LH:47
end_of_record
SF:lib/ui/stock/widgets/replenishment_actions.dart
DA:14,3
DA:16,2
DA:18,2
DA:19,4
DA:21,1
DA:22,1
DA:23,1
DA:25,1
DA:26,3
DA:28,3
DA:30,1
DA:33,1
DA:34,2
DA:36,1
DA:38,1
DA:39,1
DA:40,2
DA:41,1
DA:42,3
DA:43,1
DA:51,1
DA:55,2
DA:57,2
DA:58,1
DA:59,1
DA:61,1
DA:62,2
DA:64,2
DA:65,5
DA:71,0
DA:73,0
DA:74,0
DA:81,1
DA:84,1
DA:86,1
DA:87,1
DA:93,1
DA:94,5
DA:96,1
DA:98,1
DA:99,1
DA:100,2
DA:102,1
DA:104,0
DA:106,3
DA:109,4
DA:110,1
DA:111,2
DA:112,1
DA:113,3
DA:116,1
DA:120,0
DA:121,0
LF:53
LH:47
end_of_record
